AH00558: apache2: Could not reliably determine the server's fully qualified domain name, using 172.18.0.5. Set the 'ServerName' directive globally to suppress this message
[Mon Mar 18 09:41:11.731162 2024] [mpm_prefork:notice] [pid 1] AH00163: Apache/2.4.57 (Debian) PHP/8.3.3 OpenSSL/3.0.11 configured -- resuming normal operations
[Mon Mar 18 09:41:11.731210 2024] [core:notice] [pid 1] AH00094: Command line: 'apache2 -D FOREGROUND'
[Mon Mar 18 09:52:24.329255 2024] [mpm_prefork:notice] [pid 1] AH00170: caught SIGWINCH, shutting down gracefully
AH00558: apache2: Could not reliably determine the server's fully qualified domain name, using 172.18.0.5. Set the 'ServerName' directive globally to suppress this message
[Mon Mar 18 11:31:04.023079 2024] [mpm_prefork:notice] [pid 1] AH00163: Apache/2.4.57 (Debian) PHP/8.3.3 OpenSSL/3.0.11 configured -- resuming normal operations
[Mon Mar 18 11:31:04.023109 2024] [core:notice] [pid 1] AH00094: Command line: 'apache2 -D FOREGROUND'
[Mon Mar 18 11:43:05.876985 2024] [mpm_prefork:notice] [pid 1] AH00170: caught SIGWINCH, shutting down gracefully
AH00558: apache2: Could not reliably determine the server's fully qualified domain name, using 172.19.0.4. Set the 'ServerName' directive globally to suppress this message
[Mon Mar 18 12:19:59.598783 2024] [mpm_prefork:notice] [pid 1] AH00163: Apache/2.4.57 (Debian) PHP/8.3.3 OpenSSL/3.0.11 configured -- resuming normal operations
[Mon Mar 18 12:19:59.598831 2024] [core:notice] [pid 1] AH00094: Command line: 'apache2 -D FOREGROUND'
[Mon Mar 18 12:20:24.529773 2024] [mpm_prefork:notice] [pid 1] AH00170: caught SIGWINCH, shutting down gracefully
AH00558: apache2: Could not reliably determine the server's fully qualified domain name, using 172.20.0.5. Set the 'ServerName' directive globally to suppress this message
[Mon Mar 18 12:21:25.440923 2024] [mpm_prefork:notice] [pid 1] AH00163: Apache/2.4.57 (Debian) PHP/8.3.3 OpenSSL/3.0.11 configured -- resuming normal operations
[Mon Mar 18 12:21:25.440957 2024] [core:notice] [pid 1] AH00094: Command line: 'apache2 -D FOREGROUND'
[Mon Mar 18 12:26:33.078153 2024] [mpm_prefork:notice] [pid 1] AH00170: caught SIGWINCH, shutting down gracefully
AH00558: apache2: Could not reliably determine the server's fully qualified domain name, using 172.21.0.4. Set the 'ServerName' directive globally to suppress this message
[Mon Mar 18 12:33:35.496400 2024] [mpm_prefork:notice] [pid 1] AH00163: Apache/2.4.57 (Debian) PHP/8.3.3 OpenSSL/3.0.11 configured -- resuming normal operations
[Mon Mar 18 12:33:35.496436 2024] [core:notice] [pid 1] AH00094: Command line: 'apache2 -D FOREGROUND'
[Mon Mar 18 12:37:13.579848 2024] [mpm_prefork:notice] [pid 1] AH00170: caught SIGWINCH, shutting down gracefully
AH00558: apache2: Could not reliably determine the server's fully qualified domain name, using 172.18.0.5. Set the 'ServerName' directive globally to suppress this message
[Tue Mar 19 08:33:11.747890 2024] [mpm_prefork:notice] [pid 1] AH00163: Apache/2.4.57 (Debian) PHP/8.3.3 OpenSSL/3.0.11 configured -- resuming normal operations
[Tue Mar 19 08:33:11.748038 2024] [core:notice] [pid 1] AH00094: Command line: 'apache2 -D FOREGROUND'
[Tue Mar 19 09:00:14.893408 2024] [mpm_prefork:notice] [pid 1] AH00170: caught SIGWINCH, shutting down gracefully
AH00558: apache2: Could not reliably determine the server's fully qualified domain name, using 172.19.0.4. Set the 'ServerName' directive globally to suppress this message
[Tue Mar 19 10:09:51.279719 2024] [mpm_prefork:notice] [pid 1] AH00163: Apache/2.4.57 (Debian) PHP/8.3.3 OpenSSL/3.0.11 configured -- resuming normal operations
[Tue Mar 19 10:09:51.279788 2024] [core:notice] [pid 1] AH00094: Command line: 'apache2 -D FOREGROUND'
[Tue Mar 19 10:13:10.845804 2024] [mpm_prefork:notice] [pid 1] AH00170: caught SIGWINCH, shutting down gracefully
AH00558: apache2: Could not reliably determine the server's fully qualified domain name, using 172.20.0.4. Set the 'ServerName' directive globally to suppress this message
[Tue Mar 19 12:33:36.947402 2024] [mpm_prefork:notice] [pid 1] AH00163: Apache/2.4.57 (Debian) PHP/8.3.3 OpenSSL/3.0.11 configured -- resuming normal operations
[Tue Mar 19 12:33:36.947467 2024] [core:notice] [pid 1] AH00094: Command line: 'apache2 -D FOREGROUND'
[Tue Mar 19 12:38:10.797758 2024] [mpm_prefork:notice] [pid 1] AH00170: caught SIGWINCH, shutting down gracefully
AH00558: apache2: Could not reliably determine the server's fully qualified domain name, using 172.21.0.4. Set the 'ServerName' directive globally to suppress this message
[Tue Mar 19 12:49:49.920723 2024] [mpm_prefork:notice] [pid 1] AH00163: Apache/2.4.57 (Debian) PHP/8.3.3 OpenSSL/3.0.11 configured -- resuming normal operations
[Tue Mar 19 12:49:49.920789 2024] [core:notice] [pid 1] AH00094: Command line: 'apache2 -D FOREGROUND'
[Tue Mar 19 12:52:52.699589 2024] [mpm_prefork:notice] [pid 1] AH00170: caught SIGWINCH, shutting down gracefully
AH00558: apache2: Could not reliably determine the server's fully qualified domain name, using 172.22.0.4. Set the 'ServerName' directive globally to suppress this message
[Tue Mar 19 13:26:12.365878 2024] [mpm_prefork:notice] [pid 1] AH00163: Apache/2.4.57 (Debian) PHP/8.3.3 OpenSSL/3.0.11 configured -- resuming normal operations
[Tue Mar 19 13:26:12.365969 2024] [core:notice] [pid 1] AH00094: Command line: 'apache2 -D FOREGROUND'
[Tue Mar 19 13:31:02.623505 2024] [mpm_prefork:notice] [pid 1] AH00170: caught SIGWINCH, shutting down gracefully
